
> @rauzola-ignite-ui/docs@1.0.0 build
> build-storybook

info @storybook/react v6.5.16
info 
info => Cleaning outputDir: C:\Design-System\packages\docs\storybook-static
info => Loading presets
info => Loading custom manager config
info => Compiling manager..
info => Loading custom manager config
[36mvite v3.2.5 [32mbuilding for production...[36m[39m
transforming...
Use of eval is strongly discouraged, as it poses security risks and may cause issues with minification
Use of eval is strongly discouraged, as it poses security risks and may cause issues with minification
Use of eval is strongly discouraged, as it poses security risks and may cause issues with minification
[32m✓[39m 2541 modules transformed.
rendering chunks...
[90m[37m[2mstorybook-static/[22m[90m[39m[32miframe.html                                         [39m [2m13.54 KiB[22m
[90m[37m[2mstorybook-static/[22m[90m[39m[36massets/jsx-runtime.4321fb9c.js                      [39m [2m1.06 KiB / gzip: 0.65 KiB[22m
[90m[37m[2mstorybook-static/[22m[90m[39m[90massets/jsx-runtime.4321fb9c.js.map                  [39m [2m2.12 KiB[22m
[90m[37m[2mstorybook-static/[22m[90m[39m[36massets/string.890dd624.js                           [39m [2m0.36 KiB / gzip: 0.28 KiB[22m
[90m[37m[2mstorybook-static/[22m[90m[39m[90massets/string.890dd624.js.map                       [39m [2m1.08 KiB[22m
[90m[37m[2mstorybook-static/[22m[90m[39m[36massets/config.ba09a2cb.js                           [39m [2m5.87 KiB / gzip: 2.33 KiB[22m
[90m[37m[2mstorybook-static/[22m[90m[39m[90massets/config.ba09a2cb.js.map                       [39m [2m20.26 KiB[22m
[90m[37m[2mstorybook-static/[22m[90m[39m[36massets/preview.e8c9f1a6.js                          [39m [2m0.78 KiB / gzip: 0.49 KiB[22m
[90m[37m[2mstorybook-static/[22m[90m[39m[90massets/preview.e8c9f1a6.js.map                      [39m [2m7.27 KiB[22m
[90m[37m[2mstorybook-static/[22m[90m[39m[36massets/make-decorator.48d14127.js                   [39m [2m0.84 KiB / gzip: 0.49 KiB[22m
[90m[37m[2mstorybook-static/[22m[90m[39m[90massets/make-decorator.48d14127.js.map               [39m [2m2.99 KiB[22m
[90m[37m[2mstorybook-static/[22m[90m[39m[36massets/preview.1a7696ca.js                          [39m [2m1.84 KiB / gzip: 0.67 KiB[22m
[90m[37m[2mstorybook-static/[22m[90m[39m[90massets/preview.1a7696ca.js.map                      [39m [2m4.19 KiB[22m
[90m[37m[2mstorybook-static/[22m[90m[39m[36massets/preview.9ecc3118.js                          [39m [2m9.52 KiB / gzip: 3.34 KiB[22m
[90m[37m[2mstorybook-static/[22m[90m[39m[90massets/preview.9ecc3118.js.map                      [39m [2m38.45 KiB[22m
[90m[37m[2mstorybook-static/[22m[90m[39m[36massets/preview.ac4c8b61.js                          [39m [2m4.47 KiB / gzip: 1.71 KiB[22m
[90m[37m[2mstorybook-static/[22m[90m[39m[90massets/preview.ac4c8b61.js.map                      [39m [2m16.78 KiB[22m
[90m[37m[2mstorybook-static/[22m[90m[39m[36massets/preview.1646a7b5.js                          [39m [2m10.17 KiB / gzip: 3.94 KiB[22m
[90m[37m[2mstorybook-static/[22m[90m[39m[90massets/preview.1646a7b5.js.map                      [39m [2m42.64 KiB[22m
[90m[37m[2mstorybook-static/[22m[90m[39m[36massets/es.number.to-fixed.6e500580.js               [39m [2m1.65 KiB / gzip: 1.00 KiB[22m
[90m[37m[2mstorybook-static/[22m[90m[39m[90massets/es.number.to-fixed.6e500580.js.map           [39m [2m8.00 KiB[22m
[90m[37m[2mstorybook-static/[22m[90m[39m[36massets/preview.5e5e5192.js                          [39m [2m7.96 KiB / gzip: 1.66 KiB[22m
[90m[37m[2mstorybook-static/[22m[90m[39m[90massets/preview.5e5e5192.js.map                      [39m [2m16.87 KiB[22m
[90m[37m[2mstorybook-static/[22m[90m[39m[36massets/preview.c889c62e.js                          [39m [2m26.36 KiB / gzip: 8.32 KiB[22m
[90m[37m[2mstorybook-static/[22m[90m[39m[90massets/preview.c889c62e.js.map                      [39m [2m102.60 KiB[22m
[90m[37m[2mstorybook-static/[22m[90m[39m[36massets/preview.67707270.js                          [39m [2m3.32 KiB / gzip: 1.50 KiB[22m
[90m[37m[2mstorybook-static/[22m[90m[39m[90massets/preview.67707270.js.map                      [39m [2m13.94 KiB[22m
[90m[37m[2mstorybook-static/[22m[90m[39m[36massets/preview.37653069.js                          [39m [2m0.33 KiB / gzip: 0.25 KiB[22m
[90m[37m[2mstorybook-static/[22m[90m[39m[90massets/preview.37653069.js.map                      [39m [2m0.57 KiB[22m
[90m[37m[2mstorybook-static/[22m[90m[39m[36massets/home.stories.b6d500ae.js                     [39m [2m1.19 KiB / gzip: 0.70 KiB[22m
[90m[37m[2mstorybook-static/[22m[90m[39m[90massets/home.stories.b6d500ae.js.map                 [39m [2m1.17 KiB[22m
[90m[37m[2mstorybook-static/[22m[90m[39m[36massets/colors.stories.d52f7290.js                   [39m [2m9.27 KiB / gzip: 3.95 KiB[22m
[90m[37m[2mstorybook-static/[22m[90m[39m[90massets/colors.stories.d52f7290.js.map               [39m [2m142.62 KiB[22m
[90m[37m[2mstorybook-static/[22m[90m[39m[36massets/font-sizes.stories.1abc230a.js               [39m [2m1.32 KiB / gzip: 0.75 KiB[22m
[90m[37m[2mstorybook-static/[22m[90m[39m[90massets/font-sizes.stories.1abc230a.js.map           [39m [2m1.40 KiB[22m
[90m[37m[2mstorybook-static/[22m[90m[39m[36massets/TokensGrid.6a52f5f6.js                       [39m [2m1.07 KiB / gzip: 0.55 KiB[22m
[90m[37m[2mstorybook-static/[22m[90m[39m[90massets/TokensGrid.6a52f5f6.js.map                   [39m [2m1.69 KiB[22m
[90m[37m[2mstorybook-static/[22m[90m[39m[36massets/index.75b2c3cd.js                            [39m [2m0.86 KiB / gzip: 0.46 KiB[22m
[90m[37m[2mstorybook-static/[22m[90m[39m[90massets/index.75b2c3cd.js.map                        [39m [2m2.43 KiB[22m
[90m[37m[2mstorybook-static/[22m[90m[39m[36massets/font-weight.stories.283f6eb1.js              [39m [2m1.31 KiB / gzip: 0.74 KiB[22m
[90m[37m[2mstorybook-static/[22m[90m[39m[90massets/font-weight.stories.283f6eb1.js.map          [39m [2m1.39 KiB[22m
[90m[37m[2mstorybook-static/[22m[90m[39m[36massets/line-height.stories.40217bd8.js              [39m [2m1.31 KiB / gzip: 0.74 KiB[22m
[90m[37m[2mstorybook-static/[22m[90m[39m[90massets/line-height.stories.40217bd8.js.map          [39m [2m1.39 KiB[22m
[90m[37m[2mstorybook-static/[22m[90m[39m[36massets/fonts.stories.bad38b67.js                    [39m [2m1.31 KiB / gzip: 0.74 KiB[22m
[90m[37m[2mstorybook-static/[22m[90m[39m[90massets/fonts.stories.bad38b67.js.map                [39m [2m1.36 KiB[22m
[90m[37m[2mstorybook-static/[22m[90m[39m[36massets/radii.stories.9f8d013a.js                    [39m [2m1.29 KiB / gzip: 0.73 KiB[22m
[90m[37m[2mstorybook-static/[22m[90m[39m[90massets/radii.stories.9f8d013a.js.map                [39m [2m1.34 KiB[22m
[90m[37m[2mstorybook-static/[22m[90m[39m[36massets/space.stories.b93e30fd.js                    [39m [2m1.30 KiB / gzip: 0.74 KiB[22m
[90m[37m[2mstorybook-static/[22m[90m[39m[90massets/space.stories.b93e30fd.js.map                [39m [2m1.37 KiB[22m
[90m[37m[2mstorybook-static/[22m[90m[39m[36massets/Avatar.stories.579e9c05.js                   [39m [2m0.43 KiB / gzip: 0.30 KiB[22m
[90m[37m[2mstorybook-static/[22m[90m[39m[90massets/Avatar.stories.579e9c05.js.map               [39m [2m0.10 KiB[22m
[90m[37m[2mstorybook-static/[22m[90m[39m[36massets/Box.stories.615f9dc0.js                      [39m [2m0.39 KiB / gzip: 0.27 KiB[22m
[90m[37m[2mstorybook-static/[22m[90m[39m[90massets/Box.stories.615f9dc0.js.map                  [39m [2m0.10 KiB[22m
[90m[37m[2mstorybook-static/[22m[90m[39m[36massets/Button.stories.ceac679c.js                   [39m [2m2.97 KiB / gzip: 0.96 KiB[22m
[90m[37m[2mstorybook-static/[22m[90m[39m[90massets/Button.stories.ceac679c.js.map               [39m [2m5.94 KiB[22m
[90m[37m[2mstorybook-static/[22m[90m[39m[36massets/Checkbox.stories.42e71f1b.js                 [39m [2m0.46 KiB / gzip: 0.32 KiB[22m
[90m[37m[2mstorybook-static/[22m[90m[39m[90massets/Checkbox.stories.42e71f1b.js.map             [39m [2m0.11 KiB[22m
[90m[37m[2mstorybook-static/[22m[90m[39m[36massets/Heading.stories.d5fa05fd.js                  [39m [2m0.62 KiB / gzip: 0.40 KiB[22m
[90m[37m[2mstorybook-static/[22m[90m[39m[90massets/Heading.stories.d5fa05fd.js.map              [39m [2m0.11 KiB[22m
[90m[37m[2mstorybook-static/[22m[90m[39m[36massets/MultiStep.stories.cd2331b4.js                [39m [2m0.47 KiB / gzip: 0.32 KiB[22m
[90m[37m[2mstorybook-static/[22m[90m[39m[90massets/MultiStep.stories.cd2331b4.js.map            [39m [2m0.11 KiB[22m
[90m[37m[2mstorybook-static/[22m[90m[39m[36massets/index.f4057070.js                            [39m [2m38.18 KiB / gzip: 13.54 KiB[22m
[90m[37m[2mstorybook-static/[22m[90m[39m[90massets/index.f4057070.js.map                        [39m [2m137.25 KiB[22m
[90m[37m[2mstorybook-static/[22m[90m[39m[36massets/Tex.stories.695c9485.js                      [39m [2m0.75 KiB / gzip: 0.48 KiB[22m
[90m[37m[2mstorybook-static/[22m[90m[39m[90massets/Tex.stories.695c9485.js.map                  [39m [2m0.10 KiB[22m
[90m[37m[2mstorybook-static/[22m[90m[39m[36massets/TextArea.stories.4b69525c.js                 [39m [2m0.55 KiB / gzip: 0.37 KiB[22m
[90m[37m[2mstorybook-static/[22m[90m[39m[90massets/TextArea.stories.4b69525c.js.map             [39m [2m0.11 KiB[22m
[90m[37m[2mstorybook-static/[22m[90m[39m[36massets/TextInput.stories.a737f293.js                [39m [2m0.59 KiB / gzip: 0.39 KiB[22m
[90m[37m[2mstorybook-static/[22m[90m[39m[90massets/TextInput.stories.a737f293.js.map            [39m [2m0.11 KiB[22m
[90m[37m[2mstorybook-static/[22m[90m[39m[36massets/client.4e4ed457.js                           [39m [2m0.67 KiB / gzip: 0.42 KiB[22m
[90m[37m[2mstorybook-static/[22m[90m[39m[90massets/client.4e4ed457.js.map                       [39m [2m0.89 KiB[22m
[90m[37m[2mstorybook-static/[22m[90m[39m[36massets/renderDocs.d9576fce.js                       [39m [2m2.65 KiB / gzip: 1.29 KiB[22m
[90m[37m[2mstorybook-static/[22m[90m[39m[90massets/renderDocs.d9576fce.js.map                   [39m [2m9.54 KiB[22m
[90m[37m[2mstorybook-static/[22m[90m[39m[36massets/index.53c2eec6.js                            [39m [2m2.49 KiB / gzip: 1.22 KiB[22m
[90m[37m[2mstorybook-static/[22m[90m[39m[90massets/index.53c2eec6.js.map                        [39m [2m5.96 KiB[22m
[90m[37m[2mstorybook-static/[22m[90m[39m[36massets/es.string.from-code-point.0c9d285a.js        [39m [2m0.52 KiB / gzip: 0.38 KiB[22m
[90m[37m[2mstorybook-static/[22m[90m[39m[90massets/es.string.from-code-point.0c9d285a.js.map    [39m [2m2.13 KiB[22m
[90m[37m[2mstorybook-static/[22m[90m[39m[36massets/es.regexp.flags.a519b5a0.js                  [39m [2m0.60 KiB / gzip: 0.42 KiB[22m
[90m[37m[2mstorybook-static/[22m[90m[39m[90massets/es.regexp.flags.a519b5a0.js.map              [39m [2m2.68 KiB[22m
[90m[37m[2mstorybook-static/[22m[90m[39m[36massets/GlobalScrollAreaStyles-8793ce4a.670f5b9d.js  [39m [2m10.33 KiB / gzip: 2.36 KiB[22m
[90m[37m[2mstorybook-static/[22m[90m[39m[90massets/GlobalScrollAreaStyles-8793ce4a.670f5b9d.js.map[39m [2m20.39 KiB[22m
[90m[37m[2mstorybook-static/[22m[90m[39m[36massets/WithTooltip-167e9982.e29ff70e.js             [39m [2m40.44 KiB / gzip: 13.54 KiB[22m
[90m[37m[2mstorybook-static/[22m[90m[39m[90massets/WithTooltip-167e9982.e29ff70e.js.map         [39m [2m176.40 KiB[22m
[90m[37m[2mstorybook-static/[22m[90m[39m[35massets/TokensGrid.37594f72.css                      [39m [2m0.42 KiB / gzip: 0.22 KiB[22m
[90m[37m[2mstorybook-static/[22m[90m[39m[36massets/index.aefe89e5.js                            [39m [2m59.72 KiB / gzip: 21.77 KiB[22m
[90m[37m[2mstorybook-static/[22m[90m[39m[90massets/index.aefe89e5.js.map                        [39m [2m266.70 KiB[22m
[90m[37m[2mstorybook-static/[22m[90m[39m[36massets/es.map.constructor.e874d49c.js               [39m [2m0.24 KiB / gzip: 0.20 KiB[22m
[90m[37m[2mstorybook-static/[22m[90m[39m[90massets/es.map.constructor.e874d49c.js.map           [39m [2m0.75 KiB[22m
[90m[37m[2mstorybook-static/[22m[90m[39m[36massets/index.d9fc4c6e.js                            [39m [2m7.21 KiB / gzip: 2.95 KiB[22m
[90m[37m[2mstorybook-static/[22m[90m[39m[90massets/index.d9fc4c6e.js.map                        [39m [2m15.35 KiB[22m
[90m[37m[2mstorybook-static/[22m[90m[39m[36massets/OverlayScrollbars-1355f44c.835fcaa2.js       [39m [2m63.21 KiB / gzip: 26.82 KiB[22m
[90m[37m[2mstorybook-static/[22m[90m[39m[90massets/OverlayScrollbars-1355f44c.835fcaa2.js.map   [39m [2m430.15 KiB[22m
[90m[37m[2mstorybook-static/[22m[90m[39m[36massets/index.77c5ad17.js                            [39m [2m135.69 KiB / gzip: 44.59 KiB[22m
[90m[37m[2mstorybook-static/[22m[90m[39m[90massets/index.77c5ad17.js.map                        [39m [2m327.51 KiB[22m
[90m[37m[2mstorybook-static/[22m[90m[39m[36massets/Color-f953d088.f3e15ae6.js                   [39m [2m33.86 KiB / gzip: 12.77 KiB[22m
[90m[37m[2mstorybook-static/[22m[90m[39m[90massets/Color-f953d088.f3e15ae6.js.map               [39m [2m129.52 KiB[22m
[90m[37m[2mstorybook-static/[22m[90m[39m[36massets/syntaxhighlighter-b07b042a.9e00d9b1.js       [39m [2m125.90 KiB / gzip: 47.90 KiB[22m
[90m[37m[2mstorybook-static/[22m[90m[39m[90massets/syntaxhighlighter-b07b042a.9e00d9b1.js.map   [39m [2m455.28 KiB[22m
[90m[37m[2mstorybook-static/[22m[90m[39m[36massets/Props.214ec161.js                            [39m [2m411.48 KiB / gzip: 121.21 KiB[22m
[90m[37m[2mstorybook-static/[22m[90m[39m[90massets/Props.214ec161.js.map                        [39m [33m880.39 KiB[39m
[90m[37m[2mstorybook-static/[22m[90m[39m[36massets/config.d33c1e4e.js                           [39m [2m412.00 KiB / gzip: 119.99 KiB[22m
[90m[37m[2mstorybook-static/[22m[90m[39m[90massets/config.d33c1e4e.js.map                       [39m [33m1413.55 KiB[39m
[90m[37m[2mstorybook-static/[22m[90m[39m[36massets/axe.afd9b4bf.js                              [39m [2m495.82 KiB / gzip: 133.20 KiB[22m
[90m[37m[2mstorybook-static/[22m[90m[39m[90massets/axe.afd9b4bf.js.map                          [39m [33m1669.88 KiB[39m
info => Manager built (1.53 min)
[90m[37m[2mstorybook-static/[22m[90m[39m[36massets/iframe.fc200163.js                           [39m [33m509.33 KiB / gzip: 141.70 KiB[39m
[90m[37m[2mstorybook-static/[22m[90m[39m[90massets/iframe.fc200163.js.map                       [39m [33m1401.13 KiB[39m
[90m[37m[2mstorybook-static/[22m[90m[39m[36massets/formatter-0d5cb0eb.4be52213.js               [39m [33m740.91 KiB / gzip: 234.00 KiB[39m
[90m[37m[2mstorybook-static/[22m[90m[39m[90massets/formatter-0d5cb0eb.4be52213.js.map           [39m [33m1741.80 KiB[39m
[33m
(!) Some chunks are larger than 500 KiB after minification. Consider:
- Using dynamic import() to code-split the application
- Use build.rollupOptions.output.manualChunks to improve chunking: https://rollupjs.org/guide/en/#outputmanualchunks
- Adjust chunk size limit for this warning via build.chunkSizeWarningLimit.[39m
info => Output directory: C:\Design-System\packages\docs\storybook-static
